<?xml version="1.0" encoding="UTF-8"?>
<testsuite xmlns:xsi="http://www.w3.org/2001/XMLSchema-instance" xsi:noNamespaceSchemaLocation="https://maven.apache.org/surefire/maven-surefire-plugin/xsd/surefire-test-report-3.0.xsd" version="3.0" name="com.example.InMemoryQueueTest" time="0.011" tests="7" errors="0" skipped="0" failures="0">
  <properties>
    <property name="sun.desktop" value="windows"/>
    <property name="awt.toolkit" value="sun.awt.windows.WToolkit"/>
    <property name="java.specification.version" value="11"/>
    <property name="sun.cpu.isalist" value="amd64"/>
    <property name="sun.jnu.encoding" value="Cp1252"/>
    <property name="java.class.path" value="C:\Users\Nikhil.Wadhawan\Downloads\queue-service-master\queue-service-master\target\test-classes;C:\Users\Nikhil.Wadhawan\Downloads\queue-service-master\queue-service-master\target\classes;C:\Users\Nikhil.Wadhawan\.m2\repository\junit\junit\4.13.2\junit-4.13.2.jar;C:\Users\Nikhil.Wadhawan\.m2\repository\org\hamcrest\hamcrest-core\1.3\hamcrest-core-1.3.jar;C:\Users\Nikhil.Wadhawan\.m2\repository\org\mockito\mockito-core\3.12.4\mockito-core-3.12.4.jar;C:\Users\Nikhil.Wadhawan\.m2\repository\net\bytebuddy\byte-buddy\1.11.13\byte-buddy-1.11.13.jar;C:\Users\Nikhil.Wadhawan\.m2\repository\net\bytebuddy\byte-buddy-agent\1.11.13\byte-buddy-agent-1.11.13.jar;C:\Users\Nikhil.Wadhawan\.m2\repository\org\objenesis\objenesis\3.2\objenesis-3.2.jar;C:\Users\Nikhil.Wadhawan\.m2\repository\org\slf4j\slf4j-api\1.7.32\slf4j-api-1.7.32.jar;C:\Users\Nikhil.Wadhawan\.m2\repository\org\slf4j\slf4j-simple\1.7.32\slf4j-simple-1.7.32.jar;C:\Users\Nikhil.Wadhawan\.m2\repository\org\apache\commons\commons-collections4\4.4\commons-collections4-4.4.jar;C:\Users\Nikhil.Wadhawan\.m2\repository\com\amazonaws\aws-java-sdk-sqs\1.12.649\aws-java-sdk-sqs-1.12.649.jar;C:\Users\Nikhil.Wadhawan\.m2\repository\com\amazonaws\aws-java-sdk-core\1.12.649\aws-java-sdk-core-1.12.649.jar;C:\Users\Nikhil.Wadhawan\.m2\repository\com\fasterxml\jackson\core\jackson-databind\2.12.7.1\jackson-databind-2.12.7.1.jar;C:\Users\Nikhil.Wadhawan\.m2\repository\com\fasterxml\jackson\core\jackson-annotations\2.12.7\jackson-annotations-2.12.7.jar;C:\Users\Nikhil.Wadhawan\.m2\repository\com\fasterxml\jackson\core\jackson-core\2.12.7\jackson-core-2.12.7.jar;C:\Users\Nikhil.Wadhawan\.m2\repository\com\fasterxml\jackson\dataformat\jackson-dataformat-cbor\2.12.6\jackson-dataformat-cbor-2.12.6.jar;C:\Users\Nikhil.Wadhawan\.m2\repository\joda-time\joda-time\2.8.1\joda-time-2.8.1.jar;C:\Users\Nikhil.Wadhawan\.m2\repository\com\amazonaws\jmespath-java\1.12.649\jmespath-java-1.12.649.jar;C:\Users\Nikhil.Wadhawan\.m2\repository\org\apache\httpcomponents\httpclient\4.5.14\httpclient-4.5.14.jar;C:\Users\Nikhil.Wadhawan\.m2\repository\org\apache\httpcomponents\httpcore\4.4.16\httpcore-4.4.16.jar;C:\Users\Nikhil.Wadhawan\.m2\repository\commons-logging\commons-logging\1.2\commons-logging-1.2.jar;C:\Users\Nikhil.Wadhawan\.m2\repository\commons-codec\commons-codec\1.11\commons-codec-1.11.jar;C:\Users\Nikhil.Wadhawan\.m2\repository\redis\clients\jedis\5.1.0\jedis-5.1.0.jar;C:\Users\Nikhil.Wadhawan\.m2\repository\org\apache\commons\commons-pool2\2.12.0\commons-pool2-2.12.0.jar;C:\Users\Nikhil.Wadhawan\.m2\repository\org\json\json\20231013\json-20231013.jar;C:\Users\Nikhil.Wadhawan\.m2\repository\com\google\code\gson\gson\2.10.1\gson-2.10.1.jar;"/>
    <property name="java.vm.vendor" value="Oracle Corporation"/>
    <property name="sun.arch.data.model" value="64"/>
    <property name="user.variant" value=""/>
    <property name="java.vendor.url" value="http://java.oracle.com/"/>
    <property name="user.timezone" value="Asia/Calcutta"/>
    <property name="java.vm.specification.version" value="11"/>
    <property name="os.name" value="Windows 10"/>
    <property name="sun.java.launcher" value="SUN_STANDARD"/>
    <property name="user.country" value="US"/>
    <property name="sun.boot.library.path" value="C:\Program Files\openjdk-11.0.2_windows-x64_bin\jdk-11.0.2\bin"/>
    <property name="sun.java.command" value="C:\Users\Nikhil.Wadhawan\AppData\Local\Temp\surefire7797994453078201789\surefirebooter-20250217113851813_3.jar C:\Users\Nikhil.Wadhawan\AppData\Local\Temp\surefire7797994453078201789 2025-02-17T11-38-51_417-jvmRun1 surefire-20250217113851813_1tmp surefire_0-20250217113851813_2tmp"/>
    <property name="jdk.debug" value="release"/>
    <property name="surefire.test.class.path" value="C:\Users\Nikhil.Wadhawan\Downloads\queue-service-master\queue-service-master\target\test-classes;C:\Users\Nikhil.Wadhawan\Downloads\queue-service-master\queue-service-master\target\classes;C:\Users\Nikhil.Wadhawan\.m2\repository\junit\junit\4.13.2\junit-4.13.2.jar;C:\Users\Nikhil.Wadhawan\.m2\repository\org\hamcrest\hamcrest-core\1.3\hamcrest-core-1.3.jar;C:\Users\Nikhil.Wadhawan\.m2\repository\org\mockito\mockito-core\3.12.4\mockito-core-3.12.4.jar;C:\Users\Nikhil.Wadhawan\.m2\repository\net\bytebuddy\byte-buddy\1.11.13\byte-buddy-1.11.13.jar;C:\Users\Nikhil.Wadhawan\.m2\repository\net\bytebuddy\byte-buddy-agent\1.11.13\byte-buddy-agent-1.11.13.jar;C:\Users\Nikhil.Wadhawan\.m2\repository\org\objenesis\objenesis\3.2\objenesis-3.2.jar;C:\Users\Nikhil.Wadhawan\.m2\repository\org\slf4j\slf4j-api\1.7.32\slf4j-api-1.7.32.jar;C:\Users\Nikhil.Wadhawan\.m2\repository\org\slf4j\slf4j-simple\1.7.32\slf4j-simple-1.7.32.jar;C:\Users\Nikhil.Wadhawan\.m2\repository\org\apache\commons\commons-collections4\4.4\commons-collections4-4.4.jar;C:\Users\Nikhil.Wadhawan\.m2\repository\com\amazonaws\aws-java-sdk-sqs\1.12.649\aws-java-sdk-sqs-1.12.649.jar;C:\Users\Nikhil.Wadhawan\.m2\repository\com\amazonaws\aws-java-sdk-core\1.12.649\aws-java-sdk-core-1.12.649.jar;C:\Users\Nikhil.Wadhawan\.m2\repository\com\fasterxml\jackson\core\jackson-databind\2.12.7.1\jackson-databind-2.12.7.1.jar;C:\Users\Nikhil.Wadhawan\.m2\repository\com\fasterxml\jackson\core\jackson-annotations\2.12.7\jackson-annotations-2.12.7.jar;C:\Users\Nikhil.Wadhawan\.m2\repository\com\fasterxml\jackson\core\jackson-core\2.12.7\jackson-core-2.12.7.jar;C:\Users\Nikhil.Wadhawan\.m2\repository\com\fasterxml\jackson\dataformat\jackson-dataformat-cbor\2.12.6\jackson-dataformat-cbor-2.12.6.jar;C:\Users\Nikhil.Wadhawan\.m2\repository\joda-time\joda-time\2.8.1\joda-time-2.8.1.jar;C:\Users\Nikhil.Wadhawan\.m2\repository\com\amazonaws\jmespath-java\1.12.649\jmespath-java-1.12.649.jar;C:\Users\Nikhil.Wadhawan\.m2\repository\org\apache\httpcomponents\httpclient\4.5.14\httpclient-4.5.14.jar;C:\Users\Nikhil.Wadhawan\.m2\repository\org\apache\httpcomponents\httpcore\4.4.16\httpcore-4.4.16.jar;C:\Users\Nikhil.Wadhawan\.m2\repository\commons-logging\commons-logging\1.2\commons-logging-1.2.jar;C:\Users\Nikhil.Wadhawan\.m2\repository\commons-codec\commons-codec\1.11\commons-codec-1.11.jar;C:\Users\Nikhil.Wadhawan\.m2\repository\redis\clients\jedis\5.1.0\jedis-5.1.0.jar;C:\Users\Nikhil.Wadhawan\.m2\repository\org\apache\commons\commons-pool2\2.12.0\commons-pool2-2.12.0.jar;C:\Users\Nikhil.Wadhawan\.m2\repository\org\json\json\20231013\json-20231013.jar;C:\Users\Nikhil.Wadhawan\.m2\repository\com\google\code\gson\gson\2.10.1\gson-2.10.1.jar;"/>
    <property name="sun.cpu.endian" value="little"/>
    <property name="user.home" value="C:\Users\Nikhil.Wadhawan"/>
    <property name="user.language" value="en"/>
    <property name="java.specification.vendor" value="Oracle Corporation"/>
    <property name="java.version.date" value="2019-01-15"/>
    <property name="java.home" value="C:\Program Files\openjdk-11.0.2_windows-x64_bin\jdk-11.0.2"/>
    <property name="file.separator" value="\"/>
    <property name="basedir" value="C:\Users\Nikhil.Wadhawan\Downloads\queue-service-master\queue-service-master"/>
    <property name="java.vm.compressedOopsMode" value="Zero based"/>
    <property name="line.separator" value="&#10;"/>
    <property name="java.specification.name" value="Java Platform API Specification"/>
    <property name="java.vm.specification.vendor" value="Oracle Corporation"/>
    <property name="java.awt.graphicsenv" value="sun.awt.Win32GraphicsEnvironment"/>
    <property name="surefire.real.class.path" value="C:\Users\Nikhil.Wadhawan\AppData\Local\Temp\surefire7797994453078201789\surefirebooter-20250217113851813_3.jar"/>
    <property name="user.script" value=""/>
    <property name="sun.management.compiler" value="HotSpot 64-Bit Tiered Compilers"/>
    <property name="java.runtime.version" value="11.0.2+9"/>
    <property name="user.name" value="Nikhil.Wadhawan"/>
    <property name="path.separator" value=";"/>
    <property name="os.version" value="10.0"/>
    <property name="java.runtime.name" value="OpenJDK Runtime Environment"/>
    <property name="file.encoding" value="Cp1252"/>
    <property name="java.vm.name" value="OpenJDK 64-Bit Server VM"/>
    <property name="java.vendor.version" value="18.9"/>
    <property name="localRepository" value="C:\Users\Nikhil.Wadhawan\.m2\repository"/>
    <property name="java.vendor.url.bug" value="http://bugreport.java.com/bugreport/"/>
    <property name="java.io.tmpdir" value="C:\Users\NIKHIL~1.WAD\AppData\Local\Temp\"/>
    <property name="java.version" value="11.0.2"/>
    <property name="user.dir" value="C:\Users\Nikhil.Wadhawan\Downloads\queue-service-master\queue-service-master"/>
    <property name="os.arch" value="amd64"/>
    <property name="java.vm.specification.name" value="Java Virtual Machine Specification"/>
    <property name="java.awt.printerjob" value="sun.awt.windows.WPrinterJob"/>
    <property name="sun.os.patch.level" value=""/>
    <property name="java.library.path" value="C:\Program Files\openjdk-11.0.2_windows-x64_bin\jdk-11.0.2\bin;C:\WINDOWS\Sun\Java\bin;C:\WINDOWS\system32;C:\WINDOWS;C:\Program Files\apache-maven-3.9.9\bin;C:\Program Files\openjdk-11.0.2_windows-x64_bin\jdk-11.0.2\bin;C:\Program Files\openjdk-11.0.2_windows-x64_bin\jdk-11.0.2\bin;C:\Python311\Scripts\;C:\Python311\;C:\WINDOWS\system32;C:\WINDOWS;C:\WINDOWS\System32\Wbem;C:\WINDOWS\System32\WindowsPowerShell\v1.0\;C:\WINDOWS\System32\OpenSSH\;C:\Program Files\dotnet\;C:\Program Files (x86)\dotnet\;C:\ProgramData\chocolatey\bin;C:\WINDOWS\system32;C:\WINDOWS;C:\WINDOWS\System32\Wbem;C:\WINDOWS\System32\WindowsPowerShell\v1.0\;C:\WINDOWS\System32\OpenSSH\;C:\opt\cavisson\netdiagnostics\java\lib;C:\opt\cavisson\netdiagnostics\java\lib;C:\opt\cavisson\netdiagnostics\java\lib;C:\Program Files\Docker\Docker\resources\bin;C:\Program Files (x86)\NetSarang\Xshell 7\;C:\opt\cavisson\netdiagnostics\java\lib;C:\opt\cavisson\netdiagnostics\java\lib;C:\opt\cavisson\netdiagnostics\java\lib;C:\minikube;C:\opt\cavisson\netdiagnostics\java\lib;C:\opt\cavisson\netdiagnostics\java\lib;C:\Program Files\nodejs\;C:\Pr;C:\Users\Nikhil.Wadhawan\AppData\Local\Microsoft\WindowsApps;C:\Users\Nikhil.Wadhawan\AppData\Local\Programs\Microsoft VS Code\bin;C:\Users\Nikhil.Wadhawan\AppData\Local\Programs\Git\cmd;C:\Users\Nikhil.Wadhawan\AppData\Roaming\npm;."/>
    <property name="java.vendor" value="Oracle Corporation"/>
    <property name="java.vm.info" value="mixed mode"/>
    <property name="java.vm.version" value="11.0.2+9"/>
    <property name="sun.io.unicode.encoding" value="UnicodeLittle"/>
    <property name="java.class.version" value="55.0"/>
  </properties>
  <testcase name="testDeleteMessage" classname="com.example.InMemoryQueueTest" time="0.0"/>
  <testcase name="testPullMessage" classname="com.example.InMemoryQueueTest" time="0.001"/>
  <testcase name="testPullEmptyQueue" classname="com.example.InMemoryQueueTest" time="0.004"/>
  <testcase name="testFIFO3Msgs" classname="com.example.InMemoryQueueTest" time="0.0"/>
  <testcase name="testSendMessage" classname="com.example.InMemoryQueueTest" time="0.0"/>
  <testcase name="testDoublePull" classname="com.example.InMemoryQueueTest" time="0.0"/>
  <testcase name="testAckTimeout" classname="com.example.InMemoryQueueTest" time="0.001"/>
</testsuite>