<?xml version="1.0" encoding="UTF-8" ?>
<testsuite tests="7" failures="0" name="com.example.FileQueueTest" time="0.541" errors="0" skipped="0">
  <properties>
    <property name="jansi.mode" value="strip"/>
    <property name="java.runtime.name" value="OpenJDK Runtime Environment"/>
    <property name="sun.boot.library.path" value="C:\Program Files\Amazon Corretto\jdk1.8.0_432\jre\bin"/>
    <property name="java.vm.version" value="25.432-b06"/>
    <property name="java.vm.vendor" value="Amazon.com Inc."/>
    <property name="maven.multiModuleProjectDirectory" value="D:\Assigncode\QueueService-main\QueueService-main"/>
    <property name="java.vendor.url" value="https://aws.amazon.com/corretto/"/>
    <property name="path.separator" value=";"/>
    <property name="guice.disable.misplaced.annotation.check" value="true"/>
    <property name="java.vm.name" value="OpenJDK 64-Bit Server VM"/>
    <property name="file.encoding.pkg" value="sun.io"/>
    <property name="user.script" value=""/>
    <property name="user.country" value="US"/>
    <property name="sun.java.launcher" value="SUN_STANDARD"/>
    <property name="sun.os.patch.level" value=""/>
    <property name="java.vm.specification.name" value="Java Virtual Machine Specification"/>
    <property name="user.dir" value="D:\Assigncode\QueueService-main\QueueService-main"/>
    <property name="java.runtime.version" value="1.8.0_432-b06"/>
    <property name="java.awt.graphicsenv" value="sun.awt.Win32GraphicsEnvironment"/>
    <property name="java.endorsed.dirs" value="C:\Program Files\Amazon Corretto\jdk1.8.0_432\jre\lib\endorsed"/>
    <property name="os.arch" value="amd64"/>
    <property name="java.io.tmpdir" value="C:\Users\NEHAL~1.SIN\AppData\Local\Temp\"/>
    <property name="line.separator" value="
"/>
    <property name="java.vm.specification.vendor" value="Oracle Corporation"/>
    <property name="user.variant" value=""/>
    <property name="os.name" value="Windows 11"/>
    <property name="classworlds.conf" value="C:\Users\nehal.singh\eclipse-workspace\.metadata\.plugins\org.eclipse.m2e.launching\launches\m2conf15633678966184350322.tmp"/>
    <property name="sun.jnu.encoding" value="Cp1252"/>
    <property name="java.library.path" value="C:\Program Files\Amazon Corretto\jdk1.8.0_432\bin;C:\WINDOWS\Sun\Java\bin;C:\WINDOWS\system32;C:\WINDOWS;C:/Users/nehal.singh/.p2/pool/plugins/org.eclipse.justj.openjdk.hotspot.jre.full.win32.x86_64_23.0.1.v20241024-1700/jre/bin/server;C:/Users/nehal.singh/.p2/pool/plugins/org.eclipse.justj.openjdk.hotspot.jre.full.win32.x86_64_23.0.1.v20241024-1700/jre/bin;C:\Program Files\Amazon Corretto\jdk1.8.0_432\bin;C:\WINDOWS\system32;C:\WINDOWS;C:\WINDOWS\System32\Wbem;C:\WINDOWS\System32\WindowsPowerShell\v1.0\;C:\WINDOWS\System32\OpenSSH\;C:\Program Files (x86)\NetSarang\Xshell 8\;C:\Program Files\Microsoft SQL Server\150\Tools\Binn\;C:\Program Files\dotnet\;C:\opt\cavisson\netdiagnostics\java\lib;C:\WINDOWS\system32;C:\WINDOWS;C:\WINDOWS\System32\Wbem;C:\WINDOWS\System32\WindowsPowerShell\v1.0\;C:\WINDOWS\System32\OpenSSH\;C:\Program Files\nodejs\;C:\Users\nehal.singh\AppData\Local\Microsoft\WindowsApps;C:\Users\nehal.singh\AppData\Local\Programs\Microsoft VS Code\bin;C:\Users\nehal.singh\AppData\Roaming\npm;C:\WINDOWS\System32;;."/>
    <property name="java.specification.name" value="Java Platform API Specification"/>
    <property name="java.class.version" value="52.0"/>
    <property name="sun.management.compiler" value="HotSpot 64-Bit Tiered Compilers"/>
    <property name="os.version" value="10.0"/>
    <property name="user.home" value="C:\Users\nehal.singh"/>
    <property name="user.timezone" value="Asia/Calcutta"/>
    <property name="java.awt.printerjob" value="sun.awt.windows.WPrinterJob"/>
    <property name="java.specification.version" value="1.8"/>
    <property name="file.encoding" value="UTF-8"/>
    <property name="user.name" value="nehal.singh"/>
    <property name="java.class.path" value="C:\Users\nehal.singh\.p2\pool\plugins\org.eclipse.m2e.maven.runtime_1.18.3.20220227-1319\jars\plexus-classworlds-2.6.0.jar"/>
    <property name="java.vm.specification.version" value="1.8"/>
    <property name="sun.arch.data.model" value="64"/>
    <property name="java.home" value="C:\Program Files\Amazon Corretto\jdk1.8.0_432\jre"/>
    <property name="sun.java.command" value="org.codehaus.plexus.classworlds.launcher.Launcher -B install"/>
    <property name="java.specification.vendor" value="Oracle Corporation"/>
    <property name="user.language" value="en"/>
    <property name="awt.toolkit" value="sun.awt.windows.WToolkit"/>
    <property name="java.vm.info" value="mixed mode"/>
    <property name="java.version" value="1.8.0_432"/>
    <property name="java.ext.dirs" value="C:\Program Files\Amazon Corretto\jdk1.8.0_432\jre\lib\ext;C:\WINDOWS\Sun\Java\lib\ext"/>
    <property name="sun.boot.class.path" value="C:\Program Files\Amazon Corretto\jdk1.8.0_432\jre\lib\resources.jar;C:\Program Files\Amazon Corretto\jdk1.8.0_432\jre\lib\rt.jar;C:\Program Files\Amazon Corretto\jdk1.8.0_432\jre\lib\sunrsasign.jar;C:\Program Files\Amazon Corretto\jdk1.8.0_432\jre\lib\jsse.jar;C:\Program Files\Amazon Corretto\jdk1.8.0_432\jre\lib\jce.jar;C:\Program Files\Amazon Corretto\jdk1.8.0_432\jre\lib\charsets.jar;C:\Program Files\Amazon Corretto\jdk1.8.0_432\jre\lib\jfr.jar;C:\Program Files\Amazon Corretto\jdk1.8.0_432\jre\classes"/>
    <property name="java.vendor" value="Amazon.com Inc."/>
    <property name="java.specification.maintenance.version" value="6"/>
    <property name="maven.home" value="D:\Assigncode\QueueService-main\QueueService-main\EMBEDDED"/>
    <property name="file.separator" value="\"/>
    <property name="java.vendor.url.bug" value="https://github.com/corretto/corretto-8/issues/"/>
    <property name="sun.cpu.endian" value="little"/>
    <property name="sun.io.unicode.encoding" value="UnicodeLittle"/>
    <property name="sun.desktop" value="windows"/>
    <property name="sun.cpu.isalist" value="amd64"/>
  </properties>
  <testcase classname="com.example.FileQueueTest" name="testDeleteMessage" time="0.405"/>
  <testcase classname="com.example.FileQueueTest" name="testPullMessage" time="0.002"/>
  <testcase classname="com.example.FileQueueTest" name="testPullEmptyQueue" time="0.011"/>
  <testcase classname="com.example.FileQueueTest" name="testFIFO3Msgs" time="0.032"/>
  <testcase classname="com.example.FileQueueTest" name="testSendMessage" time="0.015"/>
  <testcase classname="com.example.FileQueueTest" name="testDoublePull" time="0.026"/>
  <testcase classname="com.example.FileQueueTest" name="testAckTimeout" time="0.05"/>
</testsuite>